<?xml version="1.0" encoding="UTF-8"?>
<!-- Generated by org.testng.reporters.JUnitXMLReporter -->
<testsuite ignored="0" hostname="IMCCBCP291-MSL2" failures="0" tests="4" name="Default test" time="9.451" errors="0" timestamp="2023-06-06T12:24:00 IST">
  <testcase classname="com.test.LoginTestmethod" name="loginTest1" time="8.627"/>
  <testcase classname="com.test.LoginTestmethod" name="logintest2" time="0.243"/>
  <testcase classname="com.test.LoginTestmethod" name="addtocartItem" time="0.065"/>
  <testcase classname="com.test.LoginTestmethod" name="cartItems" time="0.467"/>
</testsuite> <!-- Default test -->
