<?xml version="1.0" encoding="UTF-8"?>
<testng-results ignored="0" total="4" passed="4" failed="0" skipped="0">
  <reporter-output>
  </reporter-output>
  <suite started-at="2023-06-06T12:23:50 IST" name="Default suite" finished-at="2023-06-06T12:24:00 IST" duration-ms="9451">
    <groups>
    </groups>
    <test started-at="2023-06-06T12:23:50 IST" name="Default test" finished-at="2023-06-06T12:24:00 IST" duration-ms="9451">
      <class name="com.test.LoginTestmethod">
        <test-method signature="loginTest1()[pri:1, instance:com.test.LoginTestmethod@23c30a20]" started-at="2023-06-06T12:23:50 IST" name="loginTest1" finished-at="2023-06-06T12:23:59 IST" duration-ms="8627" status="PASS">
          <reporter-output>
          </reporter-output>
        </test-method> <!-- loginTest1 -->
        <test-method signature="logintest2()[pri:2, instance:com.test.LoginTestmethod@23c30a20]" started-at="2023-06-06T12:23:59 IST" name="logintest2" finished-at="2023-06-06T12:23:59 IST" duration-ms="243" status="PASS">
          <reporter-output>
          </reporter-output>
        </test-method> <!-- logintest2 -->
        <test-method signature="addtocartItem()[pri:3, instance:com.test.LoginTestmethod@23c30a20]" started-at="2023-06-06T12:23:59 IST" name="addtocartItem" finished-at="2023-06-06T12:23:59 IST" duration-ms="65" status="PASS">
          <reporter-output>
          </reporter-output>
        </test-method> <!-- addtocartItem -->
        <test-method signature="cartItems()[pri:4, instance:com.test.LoginTestmethod@23c30a20]" started-at="2023-06-06T12:23:59 IST" name="cartItems" finished-at="2023-06-06T12:24:00 IST" duration-ms="467" status="PASS">
          <reporter-output>
          </reporter-output>
        </test-method> <!-- cartItems -->
      </class> <!-- com.test.LoginTestmethod -->
    </test> <!-- Default test -->
  </suite> <!-- Default suite -->
</testng-results>
